2024-10-25 11:47:20,683 - INFO - PowerPlugin registered
2024-10-25 11:47:20,683 - INFO - Plugin added to commands: power
2024-10-25 11:47:20,683 - INFO - Displayed available commands
2024-10-25 11:47:28,022 - INFO - Executed command add with result: 13.0
2024-10-25 11:47:39,141 - INFO - Executed command add with result: 0
2024-10-25 11:47:48,266 - INFO - Displayed available commands
2024-10-25 11:53:15,476 - INFO - PowerPlugin registered
2024-10-25 11:53:15,476 - INFO - Plugin added to commands: power
2024-10-25 11:53:15,476 - INFO - Displayed available commands
2024-10-25 11:53:19,260 - INFO - Displayed available commands
2024-10-25 11:53:26,541 - INFO - Displayed available commands
2024-10-25 11:53:38,122 - INFO - Executed plugin command power with result: 279936.0
2024-10-25 11:53:56,660 - INFO - Executed command add with result: 13.0
2024-10-25 11:55:36,834 - INFO - Executed command add with result: 21.0
2024-10-25 13:53:43,004 - INFO - Starting the calculator application.
2024-10-25 13:53:48,003 - WARNING - Unknown command entered.
2024-10-25 13:53:50,877 - INFO - Exiting the calculator application.
2024-10-25 13:54:20,882 - INFO - Starting the calculator application.
2024-10-25 13:54:25,948 - INFO - Executing command: add with arguments: [6.0, 7.0]
2024-10-25 13:54:48,436 - WARNING - Unknown command entered.
2024-10-25 13:54:51,617 - INFO - Exiting the calculator application.
2024-10-25 15:32:51,778 - INFO - Starting the calculator application.
2024-10-25 15:32:54,733 - INFO - Executing command: add with arguments: [6.0, 7.0]
2024-10-25 15:33:01,797 - INFO - Executing command: add with arguments: [76.0, 67.0]
2024-10-25 15:33:08,694 - INFO - Executing command: subtract with arguments: [56.0, 76.0]
2024-10-25 15:34:45,558 - INFO - Exiting the calculator application.
2024-10-25 22:11:11,932 - INFO - Starting the calculator application.
2024-10-25 22:11:18,427 - INFO - Executing command: add with arguments: [6.0, 7.0]
2024-10-25 22:11:22,098 - INFO - Executing command: menu with arguments: []
2024-10-25 22:11:27,884 - INFO - Executing command: power with arguments: [2.0, 3.0, 4.0]
2024-10-25 22:11:27,884 - ERROR - Value error occurred: PowerPlugin requires exactly two arguments: base and exponent.
2024-10-25 22:11:43,990 - INFO - Executing command: power with arguments: [2.0, 3.0]
2024-10-25 22:11:54,199 - INFO - Exiting the calculator application.
